<?xml version="1.0" encoding="UTF-8"?>
<!-- Generated by org.testng.reporters.JUnitReportReporter -->
<testsuite hostname="DESKTOP-H20FB0I" failures="0" tests="1" name="tests.CPAB03UsuarioBloqueado" time="0.529" errors="0" timestamp="2023-03-27T01:39:09 ART" skipped="0">
  <testcase classname="tests.CPAB03UsuarioBloqueado" name="CPAB03UsuarioBloqueado" time="0.529"/>
  <system-out/>
</testsuite> <!-- tests.CPAB03UsuarioBloqueado -->
