<?xml version="1.0" encoding="UTF-8"?>
<!-- Generated by org.testng.reporters.JUnitReportReporter -->
<testsuite hostname="DESKTOP-H20FB0I" failures="0" tests="1" name="tests.CPAB02PassYUserCorrectos" time="1.312" errors="0" timestamp="2023-03-27T01:39:09 ART" skipped="0">
  <testcase classname="tests.CPAB02PassYUserCorrectos" name="CPAB02PassYUserCorrectos" time="1.312"/>
  <system-out/>
</testsuite> <!-- tests.CPAB02PassYUserCorrectos -->
